<?xml version="1.0" encoding="UTF-8"?>
<!-- Generated by org.testng.reporters.JUnitXMLReporter -->
<testsuite hostname="GOD09761" ignored="0" name="Test1" tests="2" failures="1" timestamp="22 Nov 2017 05:03:47 GMT" time="12.321" errors="0">
  <testcase name="EditjobDetails" time="0.443" classname="com.Test.ConFusion.JobListingTest">
    <failure type="org.openqa.selenium.NoSuchElementException" message="Unable to locate element: /html/body/app-root/app-joblisting/div/div[2]/basic-example-data/ng2-smart-table/table/tbody/tr[1]/td[1]/ng2-st-tbody-edit-delete/a[1]
For documentation on this error, please visit: http://seleniumhq.org/exceptions/no_such_element.html
Build info: version: &amp;apos;3.4.0&amp;apos;, revision: &amp;apos;unknown&amp;apos;, time: &amp;apos;unknown&amp;apos;
System info: host: &amp;apos;GOD09761&amp;apos;, ip: &amp;apos;10.244.32.110&amp;apos;, os.name: &amp;apos;Windows 7&amp;apos;, os.arch: &amp;apos;amd64&amp;apos;, os.version: &amp;apos;6.1&amp;apos;, java.version: &amp;apos;1.8.0_151&amp;apos;
Driver info: org.openqa.selenium.firefox.FirefoxDriver
Capabilities [{moz:profile=C:\Users\raushni_khan\AppData\Local\Temp\rust_mozprofile.uYs48ZMWDgeX, rotatable=false, timeouts={implicit=0.0, pageLoad=300000.0, script=30000.0}, pageLoadStrategy=normal, moz:headless=false, platform=ANY, specificationLevel=0.0, moz:accessibilityChecks=false, acceptInsecureCerts=true, browserVersion=56.0.2, platformVersion=6.1, moz:processID=2008.0, browserName=firefox, javascriptEnabled=true, platformName=windows_nt}]
Session ID: 35622e58-41d9-402d-8cd5-140d09c3a3df
*** Element info: {Using=xpath, value=/html/body/app-root/app-joblisting/div/div[2]/basic-example-data/ng2-smart-table/table/tbody/tr[1]/td[1]/ng2-st-tbody-edit-delete/a[1]}">
      <![CDATA[org.openqa.selenium.NoSuchElementException: Unable to locate element: /html/body/app-root/app-joblisting/div/div[2]/basic-example-data/ng2-smart-table/table/tbody/tr[1]/td[1]/ng2-st-tbody-edit-delete/a[1]
For documentation on this error, please visit: http://seleniumhq.org/exceptions/no_such_element.html
Build info: version: '3.4.0', revision: 'unknown', time: 'unknown'
System info: host: 'GOD09761', ip: '10.244.32.110', os.name: 'Windows 7', os.arch: 'amd64', os.version: '6.1', java.version: '1.8.0_151'
Driver info: org.openqa.selenium.firefox.FirefoxDriver
Capabilities [{moz:profile=C:\Users\raushni_khan\AppData\Local\Temp\rust_mozprofile.uYs48ZMWDgeX, rotatable=false, timeouts={implicit=0.0, pageLoad=300000.0, script=30000.0}, pageLoadStrategy=normal, moz:headless=false, platform=ANY, specificationLevel=0.0, moz:accessibilityChecks=false, acceptInsecureCerts=true, browserVersion=56.0.2, platformVersion=6.1, moz:processID=2008.0, browserName=firefox, javascriptEnabled=true, platformName=windows_nt}]
Session ID: 35622e58-41d9-402d-8cd5-140d09c3a3df
*** Element info: {Using=xpath, value=/html/body/app-root/app-joblisting/div/div[2]/basic-example-data/ng2-smart-table/table/tbody/tr[1]/td[1]/ng2-st-tbody-edit-delete/a[1]}
	at org.openqa.selenium.remote.http.W3CHttpResponseCodec.createException(W3CHttpResponseCodec.java:150)
	at org.openqa.selenium.remote.http.W3CHttpResponseCodec.decode(W3CHttpResponseCodec.java:115)
	at org.openqa.selenium.remote.http.W3CHttpResponseCodec.decode(W3CHttpResponseCodec.java:45)
	at org.openqa.selenium.remote.HttpCommandExecutor.execute(HttpCommandExecutor.java:164)
	at org.openqa.selenium.remote.service.DriverCommandExecutor.execute(DriverCommandExecutor.java:82)
	at org.openqa.selenium.remote.RemoteWebDriver.execute(RemoteWebDriver.java:637)
	at org.openqa.selenium.remote.RemoteWebDriver.findElement(RemoteWebDriver.java:410)
	at org.openqa.selenium.remote.RemoteWebDriver.findElementByXPath(RemoteWebDriver.java:509)
	at org.openqa.selenium.By$ByXPath.findElement(By.java:361)
	at org.openqa.selenium.remote.RemoteWebDriver.findElement(RemoteWebDriver.java:402)
	at com.PageObject.ConFusion.JobListing.Edit(JobListing.java:63)
	at com.Test.ConFusion.JobListingTest.EditjobDetails(JobListingTest.java:75)
... Removed 33 stack frames]]>
    </failure>
  </testcase> <!-- EditjobDetails -->
  <testcase name="createjobwithValidDetails" time="11.848" classname="com.Test.ConFusion.JobListingTest"/>
</testsuite> <!-- Test1 -->
